2019-09-30T15:22:00+00:00 CRITICAL Uncaught Exception: DateTime::__construct(): Failed to parse time string (25/12/2019) at position 0 (2): Unexpected character in /Applications/XAMPP/xamppfiles/htdocs/collegeuniversity/wp-content/themes/collegetheme/front-page.php:40
Stack trace:
#0 /Applications/XAMPP/xamppfiles/htdocs/collegeuniversity/wp-content/themes/collegetheme/front-page.php(40): DateTime->__construct('25/12/2019')
#1 /Applications/XAMPP/xamppfiles/htdocs/collegeuniversity/wp-includes/template-loader.php(78): include('/Applications/X...')
#2 /Applications/XAMPP/xamppfiles/htdocs/collegeuniversity/wp-blog-header.php(19): require_once('/Applications/X...')
#3 /Applications/XAMPP/xamppfiles/htdocs/collegeuniversity/index.php(17): require('/Applications/X...')
#4 {main}
  thrown in /Applications/XAMPP/xamppfiles/htdocs/collegeuniversity/wp-content/themes/collegetheme/front-page.php on line 40

2019-09-30T15:28:51+00:00 CRITICAL Uncaught Exception: DateTime::__construct(): Failed to parse time string (25/12/2019) at position 0 (2): Unexpected character in /Applications/XAMPP/xamppfiles/htdocs/collegeuniversity/wp-content/themes/collegetheme/front-page.php:40
Stack trace:
#0 /Applications/XAMPP/xamppfiles/htdocs/collegeuniversity/wp-content/themes/collegetheme/front-page.php(40): DateTime->__construct('25/12/2019')
#1 /Applications/XAMPP/xamppfiles/htdocs/collegeuniversity/wp-includes/template-loader.php(78): include('/Applications/X...')
#2 /Applications/XAMPP/xamppfiles/htdocs/collegeuniversity/wp-blog-header.php(19): require_once('/Applications/X...')
#3 /Applications/XAMPP/xamppfiles/htdocs/collegeuniversity/index.php(17): require('/Applications/X...')
#4 {main}
  thrown in /Applications/XAMPP/xamppfiles/htdocs/collegeuniversity/wp-content/themes/collegetheme/front-page.php on line 40

2019-09-30T16:17:21+00:00 CRITICAL Uncaught Exception: DateTime::__construct(): Failed to parse time string (25/12/2019) at position 0 (2): Unexpected character in /Applications/XAMPP/xamppfiles/htdocs/collegeuniversity/wp-content/themes/collegetheme/front-page.php:40
Stack trace:
#0 /Applications/XAMPP/xamppfiles/htdocs/collegeuniversity/wp-content/themes/collegetheme/front-page.php(40): DateTime->__construct('25/12/2019')
#1 /Applications/XAMPP/xamppfiles/htdocs/collegeuniversity/wp-includes/template-loader.php(78): include('/Applications/X...')
#2 /Applications/XAMPP/xamppfiles/htdocs/collegeuniversity/wp-blog-header.php(19): require_once('/Applications/X...')
#3 /Applications/XAMPP/xamppfiles/htdocs/collegeuniversity/index.php(17): require('/Applications/X...')
#4 {main}
  thrown in /Applications/XAMPP/xamppfiles/htdocs/collegeuniversity/wp-content/themes/collegetheme/front-page.php on line 40

2019-09-30T17:22:35+00:00 CRITICAL Uncaught Exception: DateTime::__construct(): Failed to parse time string (25/12/2019) at position 0 (2): Unexpected character in /Applications/XAMPP/xamppfiles/htdocs/collegeuniversity/wp-content/themes/collegetheme/front-page.php:40
Stack trace:
#0 /Applications/XAMPP/xamppfiles/htdocs/collegeuniversity/wp-content/themes/collegetheme/front-page.php(40): DateTime->__construct('25/12/2019')
#1 /Applications/XAMPP/xamppfiles/htdocs/collegeuniversity/wp-includes/template-loader.php(78): include('/Applications/X...')
#2 /Applications/XAMPP/xamppfiles/htdocs/collegeuniversity/wp-blog-header.php(19): require_once('/Applications/X...')
#3 /Applications/XAMPP/xamppfiles/htdocs/collegeuniversity/index.php(17): require('/Applications/X...')
#4 {main}
  thrown in /Applications/XAMPP/xamppfiles/htdocs/collegeuniversity/wp-content/themes/collegetheme/front-page.php on line 40

2019-09-30T17:22:42+00:00 CRITICAL Uncaught Exception: DateTime::__construct(): Failed to parse time string (25/12/2019) at position 0 (2): Unexpected character in /Applications/XAMPP/xamppfiles/htdocs/collegeuniversity/wp-content/themes/collegetheme/archive-event.php:19
Stack trace:
#0 /Applications/XAMPP/xamppfiles/htdocs/collegeuniversity/wp-content/themes/collegetheme/archive-event.php(19): DateTime->__construct('25/12/2019')
#1 /Applications/XAMPP/xamppfiles/htdocs/collegeuniversity/wp-includes/template-loader.php(78): include('/Applications/X...')
#2 /Applications/XAMPP/xamppfiles/htdocs/collegeuniversity/wp-blog-header.php(19): require_once('/Applications/X...')
#3 /Applications/XAMPP/xamppfiles/htdocs/collegeuniversity/index.php(17): require('/Applications/X...')
#4 {main}
  thrown in /Applications/XAMPP/xamppfiles/htdocs/collegeuniversity/wp-content/themes/collegetheme/archive-event.php on line 19

2019-09-30T17:22:54+00:00 CRITICAL Uncaught Exception: DateTime::__construct(): Failed to parse time string (25/12/2019) at position 0 (2): Unexpected character in /Applications/XAMPP/xamppfiles/htdocs/collegeuniversity/wp-content/themes/collegetheme/archive-event.php:19
Stack trace:
#0 /Applications/XAMPP/xamppfiles/htdocs/collegeuniversity/wp-content/themes/collegetheme/archive-event.php(19): DateTime->__construct('25/12/2019')
#1 /Applications/XAMPP/xamppfiles/htdocs/collegeuniversity/wp-includes/template-loader.php(78): include('/Applications/X...')
#2 /Applications/XAMPP/xamppfiles/htdocs/collegeuniversity/wp-blog-header.php(19): require_once('/Applications/X...')
#3 /Applications/XAMPP/xamppfiles/htdocs/collegeuniversity/index.php(17): require('/Applications/X...')
#4 {main}
  thrown in /Applications/XAMPP/xamppfiles/htdocs/collegeuniversity/wp-content/themes/collegetheme/archive-event.php on line 19

2019-09-30T17:23:25+00:00 CRITICAL Uncaught Exception: DateTime::__construct(): Failed to parse time string (25/12/2019) at position 0 (2): Unexpected character in /Applications/XAMPP/xamppfiles/htdocs/collegeuniversity/wp-content/themes/collegetheme/archive-event.php:19
Stack trace:
#0 /Applications/XAMPP/xamppfiles/htdocs/collegeuniversity/wp-content/themes/collegetheme/archive-event.php(19): DateTime->__construct('25/12/2019')
#1 /Applications/XAMPP/xamppfiles/htdocs/collegeuniversity/wp-includes/template-loader.php(78): include('/Applications/X...')
#2 /Applications/XAMPP/xamppfiles/htdocs/collegeuniversity/wp-blog-header.php(19): require_once('/Applications/X...')
#3 /Applications/XAMPP/xamppfiles/htdocs/collegeuniversity/index.php(17): require('/Applications/X...')
#4 {main}
  thrown in /Applications/XAMPP/xamppfiles/htdocs/collegeuniversity/wp-content/themes/collegetheme/archive-event.php on line 19

2019-09-30T17:23:30+00:00 CRITICAL Uncaught Exception: DateTime::__construct(): Failed to parse time string (25/12/2019) at position 0 (2): Unexpected character in /Applications/XAMPP/xamppfiles/htdocs/collegeuniversity/wp-content/themes/collegetheme/archive-event.php:19
Stack trace:
#0 /Applications/XAMPP/xamppfiles/htdocs/collegeuniversity/wp-content/themes/collegetheme/archive-event.php(19): DateTime->__construct('25/12/2019')
#1 /Applications/XAMPP/xamppfiles/htdocs/collegeuniversity/wp-includes/template-loader.php(78): include('/Applications/X...')
#2 /Applications/XAMPP/xamppfiles/htdocs/collegeuniversity/wp-blog-header.php(19): require_once('/Applications/X...')
#3 /Applications/XAMPP/xamppfiles/htdocs/collegeuniversity/index.php(17): require('/Applications/X...')
#4 {main}
  thrown in /Applications/XAMPP/xamppfiles/htdocs/collegeuniversity/wp-content/themes/collegetheme/archive-event.php on line 19

2019-09-30T17:28:38+00:00 CRITICAL Uncaught Exception: DateTime::__construct(): Failed to parse time string (25/12/2019) at position 0 (2): Unexpected character in /Applications/XAMPP/xamppfiles/htdocs/collegeuniversity/wp-content/themes/collegetheme/archive-event.php:19
Stack trace:
#0 /Applications/XAMPP/xamppfiles/htdocs/collegeuniversity/wp-content/themes/collegetheme/archive-event.php(19): DateTime->__construct('25/12/2019')
#1 /Applications/XAMPP/xamppfiles/htdocs/collegeuniversity/wp-includes/template-loader.php(78): include('/Applications/X...')
#2 /Applications/XAMPP/xamppfiles/htdocs/collegeuniversity/wp-blog-header.php(19): require_once('/Applications/X...')
#3 /Applications/XAMPP/xamppfiles/htdocs/collegeuniversity/index.php(17): require('/Applications/X...')
#4 {main}
  thrown in /Applications/XAMPP/xamppfiles/htdocs/collegeuniversity/wp-content/themes/collegetheme/archive-event.php on line 19

2019-09-30T17:28:42+00:00 CRITICAL Uncaught Exception: DateTime::__construct(): Failed to parse time string (25/12/2019) at position 0 (2): Unexpected character in /Applications/XAMPP/xamppfiles/htdocs/collegeuniversity/wp-content/themes/collegetheme/front-page.php:40
Stack trace:
#0 /Applications/XAMPP/xamppfiles/htdocs/collegeuniversity/wp-content/themes/collegetheme/front-page.php(40): DateTime->__construct('25/12/2019')
#1 /Applications/XAMPP/xamppfiles/htdocs/collegeuniversity/wp-includes/template-loader.php(78): include('/Applications/X...')
#2 /Applications/XAMPP/xamppfiles/htdocs/collegeuniversity/wp-blog-header.php(19): require_once('/Applications/X...')
#3 /Applications/XAMPP/xamppfiles/htdocs/collegeuniversity/index.php(17): require('/Applications/X...')
#4 {main}
  thrown in /Applications/XAMPP/xamppfiles/htdocs/collegeuniversity/wp-content/themes/collegetheme/front-page.php on line 40

2019-09-30T17:30:58+00:00 CRITICAL Uncaught Exception: DateTime::__construct(): Failed to parse time string (25/12/2019) at position 0 (2): Unexpected character in /Applications/XAMPP/xamppfiles/htdocs/collegeuniversity/wp-content/themes/collegetheme/archive-event.php:19
Stack trace:
#0 /Applications/XAMPP/xamppfiles/htdocs/collegeuniversity/wp-content/themes/collegetheme/archive-event.php(19): DateTime->__construct('25/12/2019')
#1 /Applications/XAMPP/xamppfiles/htdocs/collegeuniversity/wp-includes/template-loader.php(78): include('/Applications/X...')
#2 /Applications/XAMPP/xamppfiles/htdocs/collegeuniversity/wp-blog-header.php(19): require_once('/Applications/X...')
#3 /Applications/XAMPP/xamppfiles/htdocs/collegeuniversity/index.php(17): require('/Applications/X...')
#4 {main}
  thrown in /Applications/XAMPP/xamppfiles/htdocs/collegeuniversity/wp-content/themes/collegetheme/archive-event.php on line 19

2019-09-30T17:31:09+00:00 CRITICAL Uncaught Exception: DateTime::__construct(): Failed to parse time string (25/12/2019) at position 0 (2): Unexpected character in /Applications/XAMPP/xamppfiles/htdocs/collegeuniversity/wp-content/themes/collegetheme/front-page.php:40
Stack trace:
#0 /Applications/XAMPP/xamppfiles/htdocs/collegeuniversity/wp-content/themes/collegetheme/front-page.php(40): DateTime->__construct('25/12/2019')
#1 /Applications/XAMPP/xamppfiles/htdocs/collegeuniversity/wp-includes/template-loader.php(78): include('/Applications/X...')
#2 /Applications/XAMPP/xamppfiles/htdocs/collegeuniversity/wp-blog-header.php(19): require_once('/Applications/X...')
#3 /Applications/XAMPP/xamppfiles/htdocs/collegeuniversity/index.php(17): require('/Applications/X...')
#4 {main}
  thrown in /Applications/XAMPP/xamppfiles/htdocs/collegeuniversity/wp-content/themes/collegetheme/front-page.php on line 40

2019-09-30T17:37:21+00:00 CRITICAL Uncaught Exception: DateTime::__construct(): Failed to parse time string (25/12/2019) at position 0 (2): Unexpected character in /Applications/XAMPP/xamppfiles/htdocs/collegeuniversity/wp-content/themes/collegetheme/archive-event.php:19
Stack trace:
#0 /Applications/XAMPP/xamppfiles/htdocs/collegeuniversity/wp-content/themes/collegetheme/archive-event.php(19): DateTime->__construct('25/12/2019')
#1 /Applications/XAMPP/xamppfiles/htdocs/collegeuniversity/wp-includes/template-loader.php(78): include('/Applications/X...')
#2 /Applications/XAMPP/xamppfiles/htdocs/collegeuniversity/wp-blog-header.php(19): require_once('/Applications/X...')
#3 /Applications/XAMPP/xamppfiles/htdocs/collegeuniversity/index.php(17): require('/Applications/X...')
#4 {main}
  thrown in /Applications/XAMPP/xamppfiles/htdocs/collegeuniversity/wp-content/themes/collegetheme/archive-event.php on line 19

2019-09-30T17:37:25+00:00 CRITICAL Uncaught Exception: DateTime::__construct(): Failed to parse time string (25/12/2019) at position 0 (2): Unexpected character in /Applications/XAMPP/xamppfiles/htdocs/collegeuniversity/wp-content/themes/collegetheme/front-page.php:40
Stack trace:
#0 /Applications/XAMPP/xamppfiles/htdocs/collegeuniversity/wp-content/themes/collegetheme/front-page.php(40): DateTime->__construct('25/12/2019')
#1 /Applications/XAMPP/xamppfiles/htdocs/collegeuniversity/wp-includes/template-loader.php(78): include('/Applications/X...')
#2 /Applications/XAMPP/xamppfiles/htdocs/collegeuniversity/wp-blog-header.php(19): require_once('/Applications/X...')
#3 /Applications/XAMPP/xamppfiles/htdocs/collegeuniversity/index.php(17): require('/Applications/X...')
#4 {main}
  thrown in /Applications/XAMPP/xamppfiles/htdocs/collegeuniversity/wp-content/themes/collegetheme/front-page.php on line 40

2019-09-30T17:38:06+00:00 CRITICAL Uncaught Exception: DateTime::__construct(): Failed to parse time string (25/12/2019) at position 0 (2): Unexpected character in /Applications/XAMPP/xamppfiles/htdocs/collegeuniversity/wp-content/themes/collegetheme/archive-event.php:19
Stack trace:
#0 /Applications/XAMPP/xamppfiles/htdocs/collegeuniversity/wp-content/themes/collegetheme/archive-event.php(19): DateTime->__construct('25/12/2019')
#1 /Applications/XAMPP/xamppfiles/htdocs/collegeuniversity/wp-includes/template-loader.php(78): include('/Applications/X...')
#2 /Applications/XAMPP/xamppfiles/htdocs/collegeuniversity/wp-blog-header.php(19): require_once('/Applications/X...')
#3 /Applications/XAMPP/xamppfiles/htdocs/collegeuniversity/index.php(17): require('/Applications/X...')
#4 {main}
  thrown in /Applications/XAMPP/xamppfiles/htdocs/collegeuniversity/wp-content/themes/collegetheme/archive-event.php on line 19

2019-09-30T17:38:48+00:00 CRITICAL Uncaught Exception: DateTime::__construct(): Failed to parse time string (25/12/2019) at position 0 (2): Unexpected character in /Applications/XAMPP/xamppfiles/htdocs/collegeuniversity/wp-content/themes/collegetheme/archive-event.php:19
Stack trace:
#0 /Applications/XAMPP/xamppfiles/htdocs/collegeuniversity/wp-content/themes/collegetheme/archive-event.php(19): DateTime->__construct('25/12/2019')
#1 /Applications/XAMPP/xamppfiles/htdocs/collegeuniversity/wp-includes/template-loader.php(78): include('/Applications/X...')
#2 /Applications/XAMPP/xamppfiles/htdocs/collegeuniversity/wp-blog-header.php(19): require_once('/Applications/X...')
#3 /Applications/XAMPP/xamppfiles/htdocs/collegeuniversity/index.php(17): require('/Applications/X...')
#4 {main}
  thrown in /Applications/XAMPP/xamppfiles/htdocs/collegeuniversity/wp-content/themes/collegetheme/archive-event.php on line 19

2019-09-30T17:39:06+00:00 CRITICAL Uncaught Exception: DateTime::__construct(): Failed to parse time string (25/12/2019) at position 0 (2): Unexpected character in /Applications/XAMPP/xamppfiles/htdocs/collegeuniversity/wp-content/themes/collegetheme/archive-event.php:19
Stack trace:
#0 /Applications/XAMPP/xamppfiles/htdocs/collegeuniversity/wp-content/themes/collegetheme/archive-event.php(19): DateTime->__construct('25/12/2019')
#1 /Applications/XAMPP/xamppfiles/htdocs/collegeuniversity/wp-includes/template-loader.php(78): include('/Applications/X...')
#2 /Applications/XAMPP/xamppfiles/htdocs/collegeuniversity/wp-blog-header.php(19): require_once('/Applications/X...')
#3 /Applications/XAMPP/xamppfiles/htdocs/collegeuniversity/index.php(17): require('/Applications/X...')
#4 {main}
  thrown in /Applications/XAMPP/xamppfiles/htdocs/collegeuniversity/wp-content/themes/collegetheme/archive-event.php on line 19

2019-09-30T17:40:08+00:00 CRITICAL Uncaught Exception: DateTime::__construct(): Failed to parse time string (25/12/2019) at position 0 (2): Unexpected character in /Applications/XAMPP/xamppfiles/htdocs/collegeuniversity/wp-content/themes/collegetheme/front-page.php:40
Stack trace:
#0 /Applications/XAMPP/xamppfiles/htdocs/collegeuniversity/wp-content/themes/collegetheme/front-page.php(40): DateTime->__construct('25/12/2019')
#1 /Applications/XAMPP/xamppfiles/htdocs/collegeuniversity/wp-includes/template-loader.php(78): include('/Applications/X...')
#2 /Applications/XAMPP/xamppfiles/htdocs/collegeuniversity/wp-blog-header.php(19): require_once('/Applications/X...')
#3 /Applications/XAMPP/xamppfiles/htdocs/collegeuniversity/index.php(17): require('/Applications/X...')
#4 {main}
  thrown in /Applications/XAMPP/xamppfiles/htdocs/collegeuniversity/wp-content/themes/collegetheme/front-page.php on line 40

2019-09-30T18:21:13+00:00 CRITICAL Uncaught Exception: DateTime::__construct(): Failed to parse time string (25/12/2019) at position 0 (2): Unexpected character in /Applications/XAMPP/xamppfiles/htdocs/collegeuniversity/wp-content/themes/collegetheme/front-page.php:40
Stack trace:
#0 /Applications/XAMPP/xamppfiles/htdocs/collegeuniversity/wp-content/themes/collegetheme/front-page.php(40): DateTime->__construct('25/12/2019')
#1 /Applications/XAMPP/xamppfiles/htdocs/collegeuniversity/wp-includes/template-loader.php(78): include('/Applications/X...')
#2 /Applications/XAMPP/xamppfiles/htdocs/collegeuniversity/wp-blog-header.php(19): require_once('/Applications/X...')
#3 /Applications/XAMPP/xamppfiles/htdocs/collegeuniversity/index.php(17): require('/Applications/X...')
#4 {main}
  thrown in /Applications/XAMPP/xamppfiles/htdocs/collegeuniversity/wp-content/themes/collegetheme/front-page.php on line 40

2019-09-30T18:21:16+00:00 CRITICAL Uncaught Exception: DateTime::__construct(): Failed to parse time string (25/12/2019) at position 0 (2): Unexpected character in /Applications/XAMPP/xamppfiles/htdocs/collegeuniversity/wp-content/themes/collegetheme/front-page.php:40
Stack trace:
#0 /Applications/XAMPP/xamppfiles/htdocs/collegeuniversity/wp-content/themes/collegetheme/front-page.php(40): DateTime->__construct('25/12/2019')
#1 /Applications/XAMPP/xamppfiles/htdocs/collegeuniversity/wp-includes/template-loader.php(78): include('/Applications/X...')
#2 /Applications/XAMPP/xamppfiles/htdocs/collegeuniversity/wp-blog-header.php(19): require_once('/Applications/X...')
#3 /Applications/XAMPP/xamppfiles/htdocs/collegeuniversity/index.php(17): require('/Applications/X...')
#4 {main}
  thrown in /Applications/XAMPP/xamppfiles/htdocs/collegeuniversity/wp-content/themes/collegetheme/front-page.php on line 40

2019-09-30T18:21:53+00:00 CRITICAL Uncaught Exception: DateTime::__construct(): Failed to parse time string (25/12/2019) at position 0 (2): Unexpected character in /Applications/XAMPP/xamppfiles/htdocs/collegeuniversity/wp-content/themes/collegetheme/front-page.php:40
Stack trace:
#0 /Applications/XAMPP/xamppfiles/htdocs/collegeuniversity/wp-content/themes/collegetheme/front-page.php(40): DateTime->__construct('25/12/2019')
#1 /Applications/XAMPP/xamppfiles/htdocs/collegeuniversity/wp-includes/template-loader.php(78): include('/Applications/X...')
#2 /Applications/XAMPP/xamppfiles/htdocs/collegeuniversity/wp-blog-header.php(19): require_once('/Applications/X...')
#3 /Applications/XAMPP/xamppfiles/htdocs/collegeuniversity/index.php(17): require('/Applications/X...')
#4 {main}
  thrown in /Applications/XAMPP/xamppfiles/htdocs/collegeuniversity/wp-content/themes/collegetheme/front-page.php on line 40

2019-09-30T18:22:30+00:00 CRITICAL Uncaught Exception: DateTime::__construct(): Failed to parse time string (25/12/2019) at position 0 (2): Unexpected character in /Applications/XAMPP/xamppfiles/htdocs/collegeuniversity/wp-content/themes/collegetheme/front-page.php:40
Stack trace:
#0 /Applications/XAMPP/xamppfiles/htdocs/collegeuniversity/wp-content/themes/collegetheme/front-page.php(40): DateTime->__construct('25/12/2019')
#1 /Applications/XAMPP/xamppfiles/htdocs/collegeuniversity/wp-includes/template-loader.php(78): include('/Applications/X...')
#2 /Applications/XAMPP/xamppfiles/htdocs/collegeuniversity/wp-blog-header.php(19): require_once('/Applications/X...')
#3 /Applications/XAMPP/xamppfiles/htdocs/collegeuniversity/index.php(17): require('/Applications/X...')
#4 {main}
  thrown in /Applications/XAMPP/xamppfiles/htdocs/collegeuniversity/wp-content/themes/collegetheme/front-page.php on line 40

2019-09-30T18:22:41+00:00 CRITICAL Uncaught Exception: DateTime::__construct(): Failed to parse time string (25/12/2019) at position 0 (2): Unexpected character in /Applications/XAMPP/xamppfiles/htdocs/collegeuniversity/wp-content/themes/collegetheme/front-page.php:40
Stack trace:
#0 /Applications/XAMPP/xamppfiles/htdocs/collegeuniversity/wp-content/themes/collegetheme/front-page.php(40): DateTime->__construct('25/12/2019')
#1 /Applications/XAMPP/xamppfiles/htdocs/collegeuniversity/wp-includes/template-loader.php(78): include('/Applications/X...')
#2 /Applications/XAMPP/xamppfiles/htdocs/collegeuniversity/wp-blog-header.php(19): require_once('/Applications/X...')
#3 /Applications/XAMPP/xamppfiles/htdocs/collegeuniversity/index.php(17): require('/Applications/X...')
#4 {main}
  thrown in /Applications/XAMPP/xamppfiles/htdocs/collegeuniversity/wp-content/themes/collegetheme/front-page.php on line 40

2019-09-30T18:22:49+00:00 CRITICAL Uncaught Exception: DateTime::__construct(): Failed to parse time string (25/12/2019) at position 0 (2): Unexpected character in /Applications/XAMPP/xamppfiles/htdocs/collegeuniversity/wp-content/themes/collegetheme/archive-event.php:19
Stack trace:
#0 /Applications/XAMPP/xamppfiles/htdocs/collegeuniversity/wp-content/themes/collegetheme/archive-event.php(19): DateTime->__construct('25/12/2019')
#1 /Applications/XAMPP/xamppfiles/htdocs/collegeuniversity/wp-includes/template-loader.php(78): include('/Applications/X...')
#2 /Applications/XAMPP/xamppfiles/htdocs/collegeuniversity/wp-blog-header.php(19): require_once('/Applications/X...')
#3 /Applications/XAMPP/xamppfiles/htdocs/collegeuniversity/index.php(17): require('/Applications/X...')
#4 {main}
  thrown in /Applications/XAMPP/xamppfiles/htdocs/collegeuniversity/wp-content/themes/collegetheme/archive-event.php on line 19

2019-09-30T18:22:53+00:00 CRITICAL Uncaught Exception: DateTime::__construct(): Failed to parse time string (25/12/2019) at position 0 (2): Unexpected character in /Applications/XAMPP/xamppfiles/htdocs/collegeuniversity/wp-content/themes/collegetheme/archive-event.php:19
Stack trace:
#0 /Applications/XAMPP/xamppfiles/htdocs/collegeuniversity/wp-content/themes/collegetheme/archive-event.php(19): DateTime->__construct('25/12/2019')
#1 /Applications/XAMPP/xamppfiles/htdocs/collegeuniversity/wp-includes/template-loader.php(78): include('/Applications/X...')
#2 /Applications/XAMPP/xamppfiles/htdocs/collegeuniversity/wp-blog-header.php(19): require_once('/Applications/X...')
#3 /Applications/XAMPP/xamppfiles/htdocs/collegeuniversity/index.php(17): require('/Applications/X...')
#4 {main}
  thrown in /Applications/XAMPP/xamppfiles/htdocs/collegeuniversity/wp-content/themes/collegetheme/archive-event.php on line 19

2019-09-30T18:42:18+00:00 CRITICAL Uncaught Exception: DateTime::__construct(): Failed to parse time string (25/12/2019) at position 0 (2): Unexpected character in /Applications/XAMPP/xamppfiles/htdocs/collegeuniversity/wp-content/themes/collegetheme/front-page.php:40
Stack trace:
#0 /Applications/XAMPP/xamppfiles/htdocs/collegeuniversity/wp-content/themes/collegetheme/front-page.php(40): DateTime->__construct('25/12/2019')
#1 /Applications/XAMPP/xamppfiles/htdocs/collegeuniversity/wp-includes/template-loader.php(78): include('/Applications/X...')
#2 /Applications/XAMPP/xamppfiles/htdocs/collegeuniversity/wp-blog-header.php(19): require_once('/Applications/X...')
#3 /Applications/XAMPP/xamppfiles/htdocs/collegeuniversity/index.php(17): require('/Applications/X...')
#4 {main}
  thrown in /Applications/XAMPP/xamppfiles/htdocs/collegeuniversity/wp-content/themes/collegetheme/front-page.php on line 40

2019-09-30T19:02:51+00:00 CRITICAL Uncaught Exception: DateTime::__construct(): Failed to parse time string (25/12/2019) at position 0 (2): Unexpected character in /Applications/XAMPP/xamppfiles/htdocs/collegeuniversity/wp-content/themes/collegetheme/front-page.php:40
Stack trace:
#0 /Applications/XAMPP/xamppfiles/htdocs/collegeuniversity/wp-content/themes/collegetheme/front-page.php(40): DateTime->__construct('25/12/2019')
#1 /Applications/XAMPP/xamppfiles/htdocs/collegeuniversity/wp-includes/template-loader.php(78): include('/Applications/X...')
#2 /Applications/XAMPP/xamppfiles/htdocs/collegeuniversity/wp-blog-header.php(19): require_once('/Applications/X...')
#3 /Applications/XAMPP/xamppfiles/htdocs/collegeuniversity/index.php(17): require('/Applications/X...')
#4 {main}
  thrown in /Applications/XAMPP/xamppfiles/htdocs/collegeuniversity/wp-content/themes/collegetheme/front-page.php on line 40

2019-09-30T19:02:52+00:00 CRITICAL Uncaught Exception: DateTime::__construct(): Failed to parse time string (25/12/2019) at position 0 (2): Unexpected character in /Applications/XAMPP/xamppfiles/htdocs/collegeuniversity/wp-content/themes/collegetheme/front-page.php:40
Stack trace:
#0 /Applications/XAMPP/xamppfiles/htdocs/collegeuniversity/wp-content/themes/collegetheme/front-page.php(40): DateTime->__construct('25/12/2019')
#1 /Applications/XAMPP/xamppfiles/htdocs/collegeuniversity/wp-includes/template-loader.php(78): include('/Applications/X...')
#2 /Applications/XAMPP/xamppfiles/htdocs/collegeuniversity/wp-blog-header.php(19): require_once('/Applications/X...')
#3 /Applications/XAMPP/xamppfiles/htdocs/collegeuniversity/index.php(17): require('/Applications/X...')
#4 {main}
  thrown in /Applications/XAMPP/xamppfiles/htdocs/collegeuniversity/wp-content/themes/collegetheme/front-page.php on line 40

2019-09-30T19:02:53+00:00 CRITICAL Uncaught Exception: DateTime::__construct(): Failed to parse time string (25/12/2019) at position 0 (2): Unexpected character in /Applications/XAMPP/xamppfiles/htdocs/collegeuniversity/wp-content/themes/collegetheme/front-page.php:40
Stack trace:
#0 /Applications/XAMPP/xamppfiles/htdocs/collegeuniversity/wp-content/themes/collegetheme/front-page.php(40): DateTime->__construct('25/12/2019')
#1 /Applications/XAMPP/xamppfiles/htdocs/collegeuniversity/wp-includes/template-loader.php(78): include('/Applications/X...')
#2 /Applications/XAMPP/xamppfiles/htdocs/collegeuniversity/wp-blog-header.php(19): require_once('/Applications/X...')
#3 /Applications/XAMPP/xamppfiles/htdocs/collegeuniversity/index.php(17): require('/Applications/X...')
#4 {main}
  thrown in /Applications/XAMPP/xamppfiles/htdocs/collegeuniversity/wp-content/themes/collegetheme/front-page.php on line 40

2019-09-30T19:38:56+00:00 CRITICAL Uncaught Exception: DateTime::__construct(): Failed to parse time string (26/09/2013) at position 0 (2): Unexpected character in /Applications/XAMPP/xamppfiles/htdocs/collegeuniversity/wp-content/themes/collegetheme/page-past-events.php:35
Stack trace:
#0 /Applications/XAMPP/xamppfiles/htdocs/collegeuniversity/wp-content/themes/collegetheme/page-past-events.php(35): DateTime->__construct('26/09/2013')
#1 /Applications/XAMPP/xamppfiles/htdocs/collegeuniversity/wp-includes/template-loader.php(78): include('/Applications/X...')
#2 /Applications/XAMPP/xamppfiles/htdocs/collegeuniversity/wp-blog-header.php(19): require_once('/Applications/X...')
#3 /Applications/XAMPP/xamppfiles/htdocs/collegeuniversity/index.php(17): require('/Applications/X...')
#4 {main}
  thrown in /Applications/XAMPP/xamppfiles/htdocs/collegeuniversity/wp-content/themes/collegetheme/page-past-events.php on line 35

2019-09-30T19:41:14+00:00 CRITICAL Uncaught Exception: DateTime::__construct(): Failed to parse time string (25/12/2019) at position 0 (2): Unexpected character in /Applications/XAMPP/xamppfiles/htdocs/collegeuniversity/wp-content/themes/collegetheme/front-page.php:40
Stack trace:
#0 /Applications/XAMPP/xamppfiles/htdocs/collegeuniversity/wp-content/themes/collegetheme/front-page.php(40): DateTime->__construct('25/12/2019')
#1 /Applications/XAMPP/xamppfiles/htdocs/collegeuniversity/wp-includes/template-loader.php(78): include('/Applications/X...')
#2 /Applications/XAMPP/xamppfiles/htdocs/collegeuniversity/wp-blog-header.php(19): require_once('/Applications/X...')
#3 /Applications/XAMPP/xamppfiles/htdocs/collegeuniversity/index.php(17): require('/Applications/X...')
#4 {main}
  thrown in /Applications/XAMPP/xamppfiles/htdocs/collegeuniversity/wp-content/themes/collegetheme/front-page.php on line 40

2019-09-30T19:41:21+00:00 CRITICAL Uncaught Exception: DateTime::__construct(): Failed to parse time string (25/12/2019) at position 0 (2): Unexpected character in /Applications/XAMPP/xamppfiles/htdocs/collegeuniversity/wp-content/themes/collegetheme/archive-event.php:19
Stack trace:
#0 /Applications/XAMPP/xamppfiles/htdocs/collegeuniversity/wp-content/themes/collegetheme/archive-event.php(19): DateTime->__construct('25/12/2019')
#1 /Applications/XAMPP/xamppfiles/htdocs/collegeuniversity/wp-includes/template-loader.php(78): include('/Applications/X...')
#2 /Applications/XAMPP/xamppfiles/htdocs/collegeuniversity/wp-blog-header.php(19): require_once('/Applications/X...')
#3 /Applications/XAMPP/xamppfiles/htdocs/collegeuniversity/index.php(17): require('/Applications/X...')
#4 {main}
  thrown in /Applications/XAMPP/xamppfiles/htdocs/collegeuniversity/wp-content/themes/collegetheme/archive-event.php on line 19

2019-09-30T19:41:58+00:00 CRITICAL Uncaught Error: Call to undefined function get_field() in /Applications/XAMPP/xamppfiles/htdocs/collegeuniversity/wp-content/themes/collegetheme/archive-event.php:19
Stack trace:
#0 /Applications/XAMPP/xamppfiles/htdocs/collegeuniversity/wp-includes/template-loader.php(78): include()
#1 /Applications/XAMPP/xamppfiles/htdocs/collegeuniversity/wp-blog-header.php(19): require_once('/Applications/X...')
#2 /Applications/XAMPP/xamppfiles/htdocs/collegeuniversity/index.php(17): require('/Applications/X...')
#3 {main}
  thrown in /Applications/XAMPP/xamppfiles/htdocs/collegeuniversity/wp-content/themes/collegetheme/archive-event.php on line 19

2019-09-30T19:42:04+00:00 CRITICAL Uncaught Error: Call to undefined function get_field() in /Applications/XAMPP/xamppfiles/htdocs/collegeuniversity/wp-content/themes/collegetheme/front-page.php:40
Stack trace:
#0 /Applications/XAMPP/xamppfiles/htdocs/collegeuniversity/wp-includes/template-loader.php(78): include()
#1 /Applications/XAMPP/xamppfiles/htdocs/collegeuniversity/wp-blog-header.php(19): require_once('/Applications/X...')
#2 /Applications/XAMPP/xamppfiles/htdocs/collegeuniversity/index.php(17): require('/Applications/X...')
#3 {main}
  thrown in /Applications/XAMPP/xamppfiles/htdocs/collegeuniversity/wp-content/themes/collegetheme/front-page.php on line 40

2019-09-30T19:42:12+00:00 CRITICAL Uncaught Error: Call to undefined function get_field() in /Applications/XAMPP/xamppfiles/htdocs/collegeuniversity/wp-content/themes/collegetheme/archive-event.php:19
Stack trace:
#0 /Applications/XAMPP/xamppfiles/htdocs/collegeuniversity/wp-includes/template-loader.php(78): include()
#1 /Applications/XAMPP/xamppfiles/htdocs/collegeuniversity/wp-blog-header.php(19): require_once('/Applications/X...')
#2 /Applications/XAMPP/xamppfiles/htdocs/collegeuniversity/index.php(17): require('/Applications/X...')
#3 {main}
  thrown in /Applications/XAMPP/xamppfiles/htdocs/collegeuniversity/wp-content/themes/collegetheme/archive-event.php on line 19

2019-09-30T19:42:23+00:00 CRITICAL Uncaught Error: Call to undefined function get_field() in /Applications/XAMPP/xamppfiles/htdocs/collegeuniversity/wp-content/themes/collegetheme/front-page.php:40
Stack trace:
#0 /Applications/XAMPP/xamppfiles/htdocs/collegeuniversity/wp-includes/template-loader.php(78): include()
#1 /Applications/XAMPP/xamppfiles/htdocs/collegeuniversity/wp-blog-header.php(19): require_once('/Applications/X...')
#2 /Applications/XAMPP/xamppfiles/htdocs/collegeuniversity/index.php(17): require('/Applications/X...')
#3 {main}
  thrown in /Applications/XAMPP/xamppfiles/htdocs/collegeuniversity/wp-content/themes/collegetheme/front-page.php on line 40

2019-09-30T19:42:26+00:00 CRITICAL Uncaught Error: Call to undefined function get_field() in /Applications/XAMPP/xamppfiles/htdocs/collegeuniversity/wp-content/themes/collegetheme/single-event.php:24
Stack trace:
#0 /Applications/XAMPP/xamppfiles/htdocs/collegeuniversity/wp-includes/template-loader.php(78): include()
#1 /Applications/XAMPP/xamppfiles/htdocs/collegeuniversity/wp-blog-header.php(19): require_once('/Applications/X...')
#2 /Applications/XAMPP/xamppfiles/htdocs/collegeuniversity/index.php(17): require('/Applications/X...')
#3 {main}
  thrown in /Applications/XAMPP/xamppfiles/htdocs/collegeuniversity/wp-content/themes/collegetheme/single-event.php on line 24

2019-09-30T19:42:26+00:00 CRITICAL Uncaught Error: Call to undefined function get_field() in /Applications/XAMPP/xamppfiles/htdocs/collegeuniversity/wp-content/themes/collegetheme/single-event.php:24
Stack trace:
#0 /Applications/XAMPP/xamppfiles/htdocs/collegeuniversity/wp-includes/template-loader.php(78): include()
#1 /Applications/XAMPP/xamppfiles/htdocs/collegeuniversity/wp-blog-header.php(19): require_once('/Applications/X...')
#2 /Applications/XAMPP/xamppfiles/htdocs/collegeuniversity/index.php(17): require('/Applications/X...')
#3 {main}
  thrown in /Applications/XAMPP/xamppfiles/htdocs/collegeuniversity/wp-content/themes/collegetheme/single-event.php on line 24

2019-09-30T19:42:43+00:00 CRITICAL Uncaught Error: Call to undefined function get_field() in /Applications/XAMPP/xamppfiles/htdocs/collegeuniversity/wp-content/themes/collegetheme/front-page.php:40
Stack trace:
#0 /Applications/XAMPP/xamppfiles/htdocs/collegeuniversity/wp-includes/template-loader.php(78): include()
#1 /Applications/XAMPP/xamppfiles/htdocs/collegeuniversity/wp-blog-header.php(19): require_once('/Applications/X...')
#2 /Applications/XAMPP/xamppfiles/htdocs/collegeuniversity/index.php(17): require('/Applications/X...')
#3 {main}
  thrown in /Applications/XAMPP/xamppfiles/htdocs/collegeuniversity/wp-content/themes/collegetheme/front-page.php on line 40

2019-09-30T19:42:48+00:00 CRITICAL Uncaught Error: Call to undefined function get_field() in /Applications/XAMPP/xamppfiles/htdocs/collegeuniversity/wp-content/themes/collegetheme/single-event.php:24
Stack trace:
#0 /Applications/XAMPP/xamppfiles/htdocs/collegeuniversity/wp-includes/template-loader.php(78): include()
#1 /Applications/XAMPP/xamppfiles/htdocs/collegeuniversity/wp-blog-header.php(19): require_once('/Applications/X...')
#2 /Applications/XAMPP/xamppfiles/htdocs/collegeuniversity/index.php(17): require('/Applications/X...')
#3 {main}
  thrown in /Applications/XAMPP/xamppfiles/htdocs/collegeuniversity/wp-content/themes/collegetheme/single-event.php on line 24

2019-09-30T19:42:48+00:00 CRITICAL Uncaught Error: Call to undefined function get_field() in /Applications/XAMPP/xamppfiles/htdocs/collegeuniversity/wp-content/themes/collegetheme/single-event.php:24
Stack trace:
#0 /Applications/XAMPP/xamppfiles/htdocs/collegeuniversity/wp-includes/template-loader.php(78): include()
#1 /Applications/XAMPP/xamppfiles/htdocs/collegeuniversity/wp-blog-header.php(19): require_once('/Applications/X...')
#2 /Applications/XAMPP/xamppfiles/htdocs/collegeuniversity/index.php(17): require('/Applications/X...')
#3 {main}
  thrown in /Applications/XAMPP/xamppfiles/htdocs/collegeuniversity/wp-content/themes/collegetheme/single-event.php on line 24

2019-09-30T19:42:51+00:00 CRITICAL Uncaught Error: Call to undefined function get_field() in /Applications/XAMPP/xamppfiles/htdocs/collegeuniversity/wp-content/themes/collegetheme/archive-event.php:19
Stack trace:
#0 /Applications/XAMPP/xamppfiles/htdocs/collegeuniversity/wp-includes/template-loader.php(78): include()
#1 /Applications/XAMPP/xamppfiles/htdocs/collegeuniversity/wp-blog-header.php(19): require_once('/Applications/X...')
#2 /Applications/XAMPP/xamppfiles/htdocs/collegeuniversity/index.php(17): require('/Applications/X...')
#3 {main}
  thrown in /Applications/XAMPP/xamppfiles/htdocs/collegeuniversity/wp-content/themes/collegetheme/archive-event.php on line 19

2019-09-30T19:55:37+00:00 CRITICAL Uncaught Error: Call to undefined function get_field() in /Applications/XAMPP/xamppfiles/htdocs/collegeuniversity/wp-content/themes/collegetheme/archive-event.php:19
Stack trace:
#0 /Applications/XAMPP/xamppfiles/htdocs/collegeuniversity/wp-includes/template-loader.php(78): include()
#1 /Applications/XAMPP/xamppfiles/htdocs/collegeuniversity/wp-blog-header.php(19): require_once('/Applications/X...')
#2 /Applications/XAMPP/xamppfiles/htdocs/collegeuniversity/index.php(17): require('/Applications/X...')
#3 {main}
  thrown in /Applications/XAMPP/xamppfiles/htdocs/collegeuniversity/wp-content/themes/collegetheme/archive-event.php on line 19

2019-09-30T19:55:43+00:00 CRITICAL Uncaught Error: Call to undefined function get_field() in /Applications/XAMPP/xamppfiles/htdocs/collegeuniversity/wp-content/themes/collegetheme/front-page.php:40
Stack trace:
#0 /Applications/XAMPP/xamppfiles/htdocs/collegeuniversity/wp-includes/template-loader.php(78): include()
#1 /Applications/XAMPP/xamppfiles/htdocs/collegeuniversity/wp-blog-header.php(19): require_once('/Applications/X...')
#2 /Applications/XAMPP/xamppfiles/htdocs/collegeuniversity/index.php(17): require('/Applications/X...')
#3 {main}
  thrown in /Applications/XAMPP/xamppfiles/htdocs/collegeuniversity/wp-content/themes/collegetheme/front-page.php on line 40

2019-09-30T20:04:10+00:00 CRITICAL Uncaught Error: Call to undefined function get_field() in /Applications/XAMPP/xamppfiles/htdocs/collegeuniversity/wp-content/themes/collegetheme/front-page.php:40
Stack trace:
#0 /Applications/XAMPP/xamppfiles/htdocs/collegeuniversity/wp-includes/template-loader.php(78): include()
#1 /Applications/XAMPP/xamppfiles/htdocs/collegeuniversity/wp-blog-header.php(19): require_once('/Applications/X...')
#2 /Applications/XAMPP/xamppfiles/htdocs/collegeuniversity/index.php(17): require('/Applications/X...')
#3 {main}
  thrown in /Applications/XAMPP/xamppfiles/htdocs/collegeuniversity/wp-content/themes/collegetheme/front-page.php on line 40

2019-09-30T20:04:20+00:00 CRITICAL Uncaught Error: Call to undefined function get_field() in /Applications/XAMPP/xamppfiles/htdocs/collegeuniversity/wp-content/themes/collegetheme/archive-event.php:19
Stack trace:
#0 /Applications/XAMPP/xamppfiles/htdocs/collegeuniversity/wp-includes/template-loader.php(78): include()
#1 /Applications/XAMPP/xamppfiles/htdocs/collegeuniversity/wp-blog-header.php(19): require_once('/Applications/X...')
#2 /Applications/XAMPP/xamppfiles/htdocs/collegeuniversity/index.php(17): require('/Applications/X...')
#3 {main}
  thrown in /Applications/XAMPP/xamppfiles/htdocs/collegeuniversity/wp-content/themes/collegetheme/archive-event.php on line 19

2019-09-30T20:07:04+00:00 CRITICAL Uncaught Error: Call to undefined function get_field() in /Applications/XAMPP/xamppfiles/htdocs/collegeuniversity/wp-content/themes/collegetheme/front-page.php:40
Stack trace:
#0 /Applications/XAMPP/xamppfiles/htdocs/collegeuniversity/wp-includes/template-loader.php(78): include()
#1 /Applications/XAMPP/xamppfiles/htdocs/collegeuniversity/wp-blog-header.php(19): require_once('/Applications/X...')
#2 /Applications/XAMPP/xamppfiles/htdocs/collegeuniversity/index.php(17): require('/Applications/X...')
#3 {main}
  thrown in /Applications/XAMPP/xamppfiles/htdocs/collegeuniversity/wp-content/themes/collegetheme/front-page.php on line 40

2019-09-30T20:11:50+00:00 CRITICAL Uncaught Error: Call to undefined function get_field() in /Applications/XAMPP/xamppfiles/htdocs/collegeuniversity/wp-content/themes/collegetheme/front-page.php:40
Stack trace:
#0 /Applications/XAMPP/xamppfiles/htdocs/collegeuniversity/wp-includes/template-loader.php(78): include()
#1 /Applications/XAMPP/xamppfiles/htdocs/collegeuniversity/wp-blog-header.php(19): require_once('/Applications/X...')
#2 /Applications/XAMPP/xamppfiles/htdocs/collegeuniversity/index.php(17): require('/Applications/X...')
#3 {main}
  thrown in /Applications/XAMPP/xamppfiles/htdocs/collegeuniversity/wp-content/themes/collegetheme/front-page.php on line 40

2019-09-30T20:12:00+00:00 CRITICAL Uncaught Error: Call to undefined function get_field() in /Applications/XAMPP/xamppfiles/htdocs/collegeuniversity/wp-content/themes/collegetheme/front-page.php:40
Stack trace:
#0 /Applications/XAMPP/xamppfiles/htdocs/collegeuniversity/wp-includes/template-loader.php(78): include()
#1 /Applications/XAMPP/xamppfiles/htdocs/collegeuniversity/wp-blog-header.php(19): require_once('/Applications/X...')
#2 /Applications/XAMPP/xamppfiles/htdocs/collegeuniversity/index.php(17): require('/Applications/X...')
#3 {main}
  thrown in /Applications/XAMPP/xamppfiles/htdocs/collegeuniversity/wp-content/themes/collegetheme/front-page.php on line 40

2019-09-30T20:13:09+00:00 CRITICAL Uncaught Error: Call to a member function have_posts() on null in /Applications/XAMPP/xamppfiles/htdocs/collegeuniversity/wp-content/themes/collegetheme/front-page.php:19
Stack trace:
#0 /Applications/XAMPP/xamppfiles/htdocs/collegeuniversity/wp-includes/template-loader.php(78): include()
#1 /Applications/XAMPP/xamppfiles/htdocs/collegeuniversity/wp-blog-header.php(19): require_once('/Applications/X...')
#2 /Applications/XAMPP/xamppfiles/htdocs/collegeuniversity/index.php(17): require('/Applications/X...')
#3 {main}
  thrown in /Applications/XAMPP/xamppfiles/htdocs/collegeuniversity/wp-content/themes/collegetheme/front-page.php on line 19

2019-09-30T20:13:52+00:00 CRITICAL Uncaught Error: Call to undefined function get_field() in /Applications/XAMPP/xamppfiles/htdocs/collegeuniversity/wp-content/themes/collegetheme/archive-event.php:19
Stack trace:
#0 /Applications/XAMPP/xamppfiles/htdocs/collegeuniversity/wp-includes/template-loader.php(78): include()
#1 /Applications/XAMPP/xamppfiles/htdocs/collegeuniversity/wp-blog-header.php(19): require_once('/Applications/X...')
#2 /Applications/XAMPP/xamppfiles/htdocs/collegeuniversity/index.php(17): require('/Applications/X...')
#3 {main}
  thrown in /Applications/XAMPP/xamppfiles/htdocs/collegeuniversity/wp-content/themes/collegetheme/archive-event.php on line 19

2019-09-30T20:13:55+00:00 CRITICAL Uncaught Error: Call to undefined function get_field() in /Applications/XAMPP/xamppfiles/htdocs/collegeuniversity/wp-content/themes/collegetheme/single-event.php:24
Stack trace:
#0 /Applications/XAMPP/xamppfiles/htdocs/collegeuniversity/wp-includes/template-loader.php(78): include()
#1 /Applications/XAMPP/xamppfiles/htdocs/collegeuniversity/wp-blog-header.php(19): require_once('/Applications/X...')
#2 /Applications/XAMPP/xamppfiles/htdocs/collegeuniversity/index.php(17): require('/Applications/X...')
#3 {main}
  thrown in /Applications/XAMPP/xamppfiles/htdocs/collegeuniversity/wp-content/themes/collegetheme/single-event.php on line 24

2019-09-30T20:13:55+00:00 CRITICAL Uncaught Error: Call to undefined function get_field() in /Applications/XAMPP/xamppfiles/htdocs/collegeuniversity/wp-content/themes/collegetheme/single-event.php:24
Stack trace:
#0 /Applications/XAMPP/xamppfiles/htdocs/collegeuniversity/wp-includes/template-loader.php(78): include()
#1 /Applications/XAMPP/xamppfiles/htdocs/collegeuniversity/wp-blog-header.php(19): require_once('/Applications/X...')
#2 /Applications/XAMPP/xamppfiles/htdocs/collegeuniversity/index.php(17): require('/Applications/X...')
#3 {main}
  thrown in /Applications/XAMPP/xamppfiles/htdocs/collegeuniversity/wp-content/themes/collegetheme/single-event.php on line 24

2019-09-30T20:13:58+00:00 CRITICAL Uncaught Error: Call to undefined function get_field() in /Applications/XAMPP/xamppfiles/htdocs/collegeuniversity/wp-content/themes/collegetheme/archive-event.php:19
Stack trace:
#0 /Applications/XAMPP/xamppfiles/htdocs/collegeuniversity/wp-includes/template-loader.php(78): include()
#1 /Applications/XAMPP/xamppfiles/htdocs/collegeuniversity/wp-blog-header.php(19): require_once('/Applications/X...')
#2 /Applications/XAMPP/xamppfiles/htdocs/collegeuniversity/index.php(17): require('/Applications/X...')
#3 {main}
  thrown in /Applications/XAMPP/xamppfiles/htdocs/collegeuniversity/wp-content/themes/collegetheme/archive-event.php on line 19

2019-09-30T20:41:18+00:00 CRITICAL syntax error, unexpected '}', expecting end of file in /Applications/XAMPP/xamppfiles/htdocs/collegeuniversity/wp-content/themes/collegetheme/front-page.php on line 33

2019-09-30T21:26:54+00:00 CRITICAL Uncaught Exception: DateTime::__construct(): Failed to parse time string (23/09/2019) at position 0 (2): Unexpected character in /Applications/XAMPP/xamppfiles/htdocs/collegeuniversity/wp-content/themes/collegetheme/front-page.php:29
Stack trace:
#0 /Applications/XAMPP/xamppfiles/htdocs/collegeuniversity/wp-content/themes/collegetheme/front-page.php(29): DateTime->__construct('23/09/2019')
#1 /Applications/XAMPP/xamppfiles/htdocs/collegeuniversity/wp-includes/template-loader.php(78): include('/Applications/X...')
#2 /Applications/XAMPP/xamppfiles/htdocs/collegeuniversity/wp-blog-header.php(19): require_once('/Applications/X...')
#3 /Applications/XAMPP/xamppfiles/htdocs/collegeuniversity/index.php(17): require('/Applications/X...')
#4 {main}
  thrown in /Applications/XAMPP/xamppfiles/htdocs/collegeuniversity/wp-content/themes/collegetheme/front-page.php on line 29

2019-09-30T21:29:48+00:00 CRITICAL Uncaught Error: Call to a member function format() on null in /Applications/XAMPP/xamppfiles/htdocs/collegeuniversity/wp-content/themes/collegetheme/front-page.php:29
Stack trace:
#0 /Applications/XAMPP/xamppfiles/htdocs/collegeuniversity/wp-includes/template-loader.php(78): include()
#1 /Applications/XAMPP/xamppfiles/htdocs/collegeuniversity/wp-blog-header.php(19): require_once('/Applications/X...')
#2 /Applications/XAMPP/xamppfiles/htdocs/collegeuniversity/index.php(17): require('/Applications/X...')
#3 {main}
  thrown in /Applications/XAMPP/xamppfiles/htdocs/collegeuniversity/wp-content/themes/collegetheme/front-page.php on line 29

2019-09-30T21:31:46+00:00 CRITICAL Uncaught Error: Call to a member function format() on null in /Applications/XAMPP/xamppfiles/htdocs/collegeuniversity/wp-content/themes/collegetheme/front-page.php:29
Stack trace:
#0 /Applications/XAMPP/xamppfiles/htdocs/collegeuniversity/wp-includes/template-loader.php(78): include()
#1 /Applications/XAMPP/xamppfiles/htdocs/collegeuniversity/wp-blog-header.php(19): require_once('/Applications/X...')
#2 /Applications/XAMPP/xamppfiles/htdocs/collegeuniversity/index.php(17): require('/Applications/X...')
#3 {main}
  thrown in /Applications/XAMPP/xamppfiles/htdocs/collegeuniversity/wp-content/themes/collegetheme/front-page.php on line 29

