2019-10-01T16:38:36+00:00 CRITICAL Uncaught Exception: DateTime::__construct(): Failed to parse time string (25/12/2019) at position 0 (2): Unexpected character in /Applications/XAMPP/xamppfiles/htdocs/collegeuniversity/wp-content/themes/collegetheme/front-page.php:40
Stack trace:
#0 /Applications/XAMPP/xamppfiles/htdocs/collegeuniversity/wp-content/themes/collegetheme/front-page.php(40): DateTime->__construct('25/12/2019')
#1 /Applications/XAMPP/xamppfiles/htdocs/collegeuniversity/wp-includes/template-loader.php(78): include('/Applications/X...')
#2 /Applications/XAMPP/xamppfiles/htdocs/collegeuniversity/wp-blog-header.php(19): require_once('/Applications/X...')
#3 /Applications/XAMPP/xamppfiles/htdocs/collegeuniversity/index.php(17): require('/Applications/X...')
#4 {main}
  thrown in /Applications/XAMPP/xamppfiles/htdocs/collegeuniversity/wp-content/themes/collegetheme/front-page.php on line 40

2019-10-01T16:38:48+00:00 CRITICAL Uncaught Exception: DateTime::__construct(): Failed to parse time string (25/12/2019) at position 0 (2): Unexpected character in /Applications/XAMPP/xamppfiles/htdocs/collegeuniversity/wp-content/themes/collegetheme/archive-event.php:19
Stack trace:
#0 /Applications/XAMPP/xamppfiles/htdocs/collegeuniversity/wp-content/themes/collegetheme/archive-event.php(19): DateTime->__construct('25/12/2019')
#1 /Applications/XAMPP/xamppfiles/htdocs/collegeuniversity/wp-includes/template-loader.php(78): include('/Applications/X...')
#2 /Applications/XAMPP/xamppfiles/htdocs/collegeuniversity/wp-blog-header.php(19): require_once('/Applications/X...')
#3 /Applications/XAMPP/xamppfiles/htdocs/collegeuniversity/index.php(17): require('/Applications/X...')
#4 {main}
  thrown in /Applications/XAMPP/xamppfiles/htdocs/collegeuniversity/wp-content/themes/collegetheme/archive-event.php on line 19

2019-10-01T17:03:44+00:00 CRITICAL syntax error, unexpected '<' in /Applications/XAMPP/xamppfiles/htdocs/collegeuniversity/wp-content/themes/collegetheme/archive-event.php on line 19

2019-10-01T18:08:03+00:00 CRITICAL Uncaught Exception: DateTime::__construct(): Failed to parse time string (23/09/2019) at position 0 (2): Unexpected character in /Applications/XAMPP/xamppfiles/htdocs/collegeuniversity/wp-content/themes/collegetheme/front-page.php:29
Stack trace:
#0 /Applications/XAMPP/xamppfiles/htdocs/collegeuniversity/wp-content/themes/collegetheme/front-page.php(29): DateTime->__construct('23/09/2019')
#1 /Applications/XAMPP/xamppfiles/htdocs/collegeuniversity/wp-includes/template-loader.php(78): include('/Applications/X...')
#2 /Applications/XAMPP/xamppfiles/htdocs/collegeuniversity/wp-blog-header.php(19): require_once('/Applications/X...')
#3 /Applications/XAMPP/xamppfiles/htdocs/collegeuniversity/index.php(17): require('/Applications/X...')
#4 {main}
  thrown in /Applications/XAMPP/xamppfiles/htdocs/collegeuniversity/wp-content/themes/collegetheme/front-page.php on line 29

2019-10-01T18:16:15+00:00 CRITICAL Uncaught Exception: DateTime::__construct(): Failed to parse time string (23/09/2019) at position 0 (2): Unexpected character in /Applications/XAMPP/xamppfiles/htdocs/collegeuniversity/wp-content/themes/collegetheme/front-page.php:29
Stack trace:
#0 /Applications/XAMPP/xamppfiles/htdocs/collegeuniversity/wp-content/themes/collegetheme/front-page.php(29): DateTime->__construct('23/09/2019')
#1 /Applications/XAMPP/xamppfiles/htdocs/collegeuniversity/wp-includes/template-loader.php(78): include('/Applications/X...')
#2 /Applications/XAMPP/xamppfiles/htdocs/collegeuniversity/wp-blog-header.php(19): require_once('/Applications/X...')
#3 /Applications/XAMPP/xamppfiles/htdocs/collegeuniversity/index.php(17): require('/Applications/X...')
#4 {main}
  thrown in /Applications/XAMPP/xamppfiles/htdocs/collegeuniversity/wp-content/themes/collegetheme/front-page.php on line 29

2019-10-01T18:17:34+00:00 CRITICAL Uncaught Exception: DateTime::__construct(): Failed to parse time string (23/09/2019) at position 0 (2): Unexpected character in /Applications/XAMPP/xamppfiles/htdocs/collegeuniversity/wp-content/themes/collegetheme/front-page.php:29
Stack trace:
#0 /Applications/XAMPP/xamppfiles/htdocs/collegeuniversity/wp-content/themes/collegetheme/front-page.php(29): DateTime->__construct('23/09/2019')
#1 /Applications/XAMPP/xamppfiles/htdocs/collegeuniversity/wp-includes/template-loader.php(78): include('/Applications/X...')
#2 /Applications/XAMPP/xamppfiles/htdocs/collegeuniversity/wp-blog-header.php(19): require_once('/Applications/X...')
#3 /Applications/XAMPP/xamppfiles/htdocs/collegeuniversity/index.php(17): require('/Applications/X...')
#4 {main}
  thrown in /Applications/XAMPP/xamppfiles/htdocs/collegeuniversity/wp-content/themes/collegetheme/front-page.php on line 29

2019-10-01T18:41:23+00:00 CRITICAL Uncaught Exception: DateTime::__construct(): Failed to parse time string (23/09/2019) at position 0 (2): Unexpected character in /Applications/XAMPP/xamppfiles/htdocs/collegeuniversity/wp-content/themes/collegetheme/front-page.php:29
Stack trace:
#0 /Applications/XAMPP/xamppfiles/htdocs/collegeuniversity/wp-content/themes/collegetheme/front-page.php(29): DateTime->__construct('23/09/2019')
#1 /Applications/XAMPP/xamppfiles/htdocs/collegeuniversity/wp-includes/template-loader.php(78): include('/Applications/X...')
#2 /Applications/XAMPP/xamppfiles/htdocs/collegeuniversity/wp-blog-header.php(19): require_once('/Applications/X...')
#3 /Applications/XAMPP/xamppfiles/htdocs/collegeuniversity/index.php(17): require('/Applications/X...')
#4 {main}
  thrown in /Applications/XAMPP/xamppfiles/htdocs/collegeuniversity/wp-content/themes/collegetheme/front-page.php on line 29

2019-10-01T18:43:28+00:00 CRITICAL Uncaught Exception: DateTime::__construct(): Failed to parse time string (26/10/2019) at position 0 (2): Unexpected character in /Applications/XAMPP/xamppfiles/htdocs/collegeuniversity/wp-content/themes/collegetheme/front-page.php:29
Stack trace:
#0 /Applications/XAMPP/xamppfiles/htdocs/collegeuniversity/wp-content/themes/collegetheme/front-page.php(29): DateTime->__construct('26/10/2019')
#1 /Applications/XAMPP/xamppfiles/htdocs/collegeuniversity/wp-includes/template-loader.php(78): include('/Applications/X...')
#2 /Applications/XAMPP/xamppfiles/htdocs/collegeuniversity/wp-blog-header.php(19): require_once('/Applications/X...')
#3 /Applications/XAMPP/xamppfiles/htdocs/collegeuniversity/index.php(17): require('/Applications/X...')
#4 {main}
  thrown in /Applications/XAMPP/xamppfiles/htdocs/collegeuniversity/wp-content/themes/collegetheme/front-page.php on line 29

2019-10-01T18:43:36+00:00 CRITICAL Uncaught Exception: DateTime::__construct(): Failed to parse time string (26/10/2019) at position 0 (2): Unexpected character in /Applications/XAMPP/xamppfiles/htdocs/collegeuniversity/wp-content/themes/collegetheme/front-page.php:29
Stack trace:
#0 /Applications/XAMPP/xamppfiles/htdocs/collegeuniversity/wp-content/themes/collegetheme/front-page.php(29): DateTime->__construct('26/10/2019')
#1 /Applications/XAMPP/xamppfiles/htdocs/collegeuniversity/wp-includes/template-loader.php(78): include('/Applications/X...')
#2 /Applications/XAMPP/xamppfiles/htdocs/collegeuniversity/wp-blog-header.php(19): require_once('/Applications/X...')
#3 /Applications/XAMPP/xamppfiles/htdocs/collegeuniversity/index.php(17): require('/Applications/X...')
#4 {main}
  thrown in /Applications/XAMPP/xamppfiles/htdocs/collegeuniversity/wp-content/themes/collegetheme/front-page.php on line 29

2019-10-01T18:45:01+00:00 CRITICAL Uncaught Exception: DateTime::__construct(): Failed to parse time string (26/10/2019) at position 0 (2): Unexpected character in /Applications/XAMPP/xamppfiles/htdocs/collegeuniversity/wp-content/themes/collegetheme/front-page.php:29
Stack trace:
#0 /Applications/XAMPP/xamppfiles/htdocs/collegeuniversity/wp-content/themes/collegetheme/front-page.php(29): DateTime->__construct('26/10/2019')
#1 /Applications/XAMPP/xamppfiles/htdocs/collegeuniversity/wp-includes/template-loader.php(78): include('/Applications/X...')
#2 /Applications/XAMPP/xamppfiles/htdocs/collegeuniversity/wp-blog-header.php(19): require_once('/Applications/X...')
#3 /Applications/XAMPP/xamppfiles/htdocs/collegeuniversity/index.php(17): require('/Applications/X...')
#4 {main}
  thrown in /Applications/XAMPP/xamppfiles/htdocs/collegeuniversity/wp-content/themes/collegetheme/front-page.php on line 29

2019-10-01T18:45:05+00:00 CRITICAL Uncaught Exception: DateTime::__construct(): Failed to parse time string (26/10/2019) at position 0 (2): Unexpected character in /Applications/XAMPP/xamppfiles/htdocs/collegeuniversity/wp-content/themes/collegetheme/front-page.php:29
Stack trace:
#0 /Applications/XAMPP/xamppfiles/htdocs/collegeuniversity/wp-content/themes/collegetheme/front-page.php(29): DateTime->__construct('26/10/2019')
#1 /Applications/XAMPP/xamppfiles/htdocs/collegeuniversity/wp-includes/template-loader.php(78): include('/Applications/X...')
#2 /Applications/XAMPP/xamppfiles/htdocs/collegeuniversity/wp-blog-header.php(19): require_once('/Applications/X...')
#3 /Applications/XAMPP/xamppfiles/htdocs/collegeuniversity/index.php(17): require('/Applications/X...')
#4 {main}
  thrown in /Applications/XAMPP/xamppfiles/htdocs/collegeuniversity/wp-content/themes/collegetheme/front-page.php on line 29

